<?xml version="1.0" encoding="UTF-8"?>
<!-- Generated by org.testng.reporters.JUnitReportReporter -->
<testsuite hostname="NguyenTrung" failures="0" tests="2" name="TestASM2.Test.TestInsertUser" time="15.313" errors="0" timestamp="2022-04-12T12:39:31 ICT" skipped="0">
  <testcase classname="TestASM2.Test.TestInsertUser" name="multiInsert" time="7.359"/>
  <system-out/>
  <testcase classname="TestASM2.Test.TestInsertUser" name="multiInsert" time="7.954"/>
  <system-out/>
</testsuite> <!-- TestASM2.Test.TestInsertUser -->
